<?xml version="1.0" encoding="UTF-8"?>
<!-- Generated by org.testng.reporters.JUnitReportReporter -->
<testsuite hostname="DESKTOP-GCBBFCP" failures="0" tests="3" name="runner.TestRunner" time="4.992" errors="0" timestamp="2024-02-28T23:01:51 PST" skipped="0">
  <testcase classname="runner.TestRunner" name="runScenario" time="2.723"/>
  <testcase classname="runner.TestRunner" name="runScenario" time="1.541"/>
  <testcase classname="runner.TestRunner" name="runScenario" time="0.728"/>
</testsuite> <!-- runner.TestRunner -->
