<?xml version="1.0" encoding="UTF-8"?>
<testsuite xmlns:xsi="http://www.w3.org/2001/XMLSchema-instance" xsi:noNamespaceSchemaLocation="https://maven.apache.org/surefire/maven-surefire-plugin/xsd/surefire-test-report.xsd" name="runner.TestRunner" time="7.675" tests="3" errors="0" skipped="0" failures="0">
  <properties>
    <property name="java.specification.version" value="18"/>
    <property name="sun.cpu.isalist" value="amd64"/>
    <property name="sun.jnu.encoding" value="Cp1252"/>
    <property name="java.class.path" value="C:\Users\Gurbax Gill\Documents\NumpyNinja\Api Bootcamp\RestAssured\RestAssuredAPITesting_BDDProject\target\test-classes;C:\Users\Gurbax Gill\Documents\NumpyNinja\Api Bootcamp\RestAssured\RestAssuredAPITesting_BDDProject\target\classes;C:\Users\Gurbax Gill\.m2\repository\io\rest-assured\rest-assured\5.4.0\rest-assured-5.4.0.jar;C:\Users\Gurbax Gill\.m2\repository\org\apache\groovy\groovy\4.0.16\groovy-4.0.16.jar;C:\Users\Gurbax Gill\.m2\repository\org\apache\groovy\groovy-xml\4.0.16\groovy-xml-4.0.16.jar;C:\Users\Gurbax Gill\.m2\repository\org\apache\httpcomponents\httpclient\4.5.13\httpclient-4.5.13.jar;C:\Users\Gurbax Gill\.m2\repository\org\apache\httpcomponents\httpcore\4.4.13\httpcore-4.4.13.jar;C:\Users\Gurbax Gill\.m2\repository\commons-logging\commons-logging\1.2\commons-logging-1.2.jar;C:\Users\Gurbax Gill\.m2\repository\commons-codec\commons-codec\1.11\commons-codec-1.11.jar;C:\Users\Gurbax Gill\.m2\repository\org\apache\httpcomponents\httpmime\4.5.13\httpmime-4.5.13.jar;C:\Users\Gurbax Gill\.m2\repository\org\hamcrest\hamcrest\2.2\hamcrest-2.2.jar;C:\Users\Gurbax Gill\.m2\repository\org\ccil\cowan\tagsoup\tagsoup\1.2.1\tagsoup-1.2.1.jar;C:\Users\Gurbax Gill\.m2\repository\io\rest-assured\json-schema-validator\5.4.0\json-schema-validator-5.4.0.jar;C:\Users\Gurbax Gill\.m2\repository\com\github\java-json-tools\json-schema-validator\2.2.14\json-schema-validator-2.2.14.jar;C:\Users\Gurbax Gill\.m2\repository\com\github\java-json-tools\jackson-coreutils-equivalence\1.0\jackson-coreutils-equivalence-1.0.jar;C:\Users\Gurbax Gill\.m2\repository\com\fasterxml\jackson\core\jackson-databind\2.11.0\jackson-databind-2.11.0.jar;C:\Users\Gurbax Gill\.m2\repository\com\fasterxml\jackson\core\jackson-annotations\2.11.0\jackson-annotations-2.11.0.jar;C:\Users\Gurbax Gill\.m2\repository\com\fasterxml\jackson\core\jackson-core\2.11.0\jackson-core-2.11.0.jar;C:\Users\Gurbax Gill\.m2\repository\com\github\java-json-tools\jackson-coreutils\2.0\jackson-coreutils-2.0.jar;C:\Users\Gurbax Gill\.m2\repository\com\github\java-json-tools\msg-simple\1.2\msg-simple-1.2.jar;C:\Users\Gurbax Gill\.m2\repository\com\github\java-json-tools\btf\1.3\btf-1.3.jar;C:\Users\Gurbax Gill\.m2\repository\com\github\java-json-tools\json-schema-core\1.2.14\json-schema-core-1.2.14.jar;C:\Users\Gurbax Gill\.m2\repository\com\github\java-json-tools\uri-template\0.10\uri-template-0.10.jar;C:\Users\Gurbax Gill\.m2\repository\org\mozilla\rhino\1.7.7.2\rhino-1.7.7.2.jar;C:\Users\Gurbax Gill\.m2\repository\com\sun\mail\mailapi\1.6.2\mailapi-1.6.2.jar;C:\Users\Gurbax Gill\.m2\repository\joda-time\joda-time\2.10.5\joda-time-2.10.5.jar;C:\Users\Gurbax Gill\.m2\repository\com\googlecode\libphonenumber\libphonenumber\8.11.1\libphonenumber-8.11.1.jar;C:\Users\Gurbax Gill\.m2\repository\com\google\code\findbugs\jsr305\3.0.2\jsr305-3.0.2.jar;C:\Users\Gurbax Gill\.m2\repository\net\sf\jopt-simple\jopt-simple\5.0.4\jopt-simple-5.0.4.jar;C:\Users\Gurbax Gill\.m2\repository\com\google\guava\guava\32.0.1-jre\guava-32.0.1-jre.jar;C:\Users\Gurbax Gill\.m2\repository\com\google\guava\failureaccess\1.0.1\failureaccess-1.0.1.jar;C:\Users\Gurbax Gill\.m2\repository\com\google\guava\listenablefuture\9999.0-empty-to-avoid-conflict-with-guava\listenablefuture-9999.0-empty-to-avoid-conflict-with-guava.jar;C:\Users\Gurbax Gill\.m2\repository\org\checkerframework\checker-qual\3.33.0\checker-qual-3.33.0.jar;C:\Users\Gurbax Gill\.m2\repository\com\google\errorprone\error_prone_annotations\2.18.0\error_prone_annotations-2.18.0.jar;C:\Users\Gurbax Gill\.m2\repository\com\google\j2objc\j2objc-annotations\2.8\j2objc-annotations-2.8.jar;C:\Users\Gurbax Gill\.m2\repository\io\rest-assured\json-path\5.4.0\json-path-5.4.0.jar;C:\Users\Gurbax Gill\.m2\repository\org\apache\groovy\groovy-json\4.0.16\groovy-json-4.0.16.jar;C:\Users\Gurbax Gill\.m2\repository\io\rest-assured\rest-assured-common\5.4.0\rest-assured-common-5.4.0.jar;C:\Users\Gurbax Gill\.m2\repository\io\rest-assured\xml-path\5.4.0\xml-path-5.4.0.jar;C:\Users\Gurbax Gill\.m2\repository\org\apache\commons\commons-lang3\3.11\commons-lang3-3.11.jar;C:\Users\Gurbax Gill\.m2\repository\io\qameta\allure\allure-cucumber-jvm\2.0-BETA16\allure-cucumber-jvm-2.0-BETA16.jar;C:\Users\Gurbax Gill\.m2\repository\info\cukes\cucumber-core\1.2.5\cucumber-core-1.2.5.jar;C:\Users\Gurbax Gill\.m2\repository\info\cukes\cucumber-html\0.2.3\cucumber-html-0.2.3.jar;C:\Users\Gurbax Gill\.m2\repository\info\cukes\cucumber-jvm-deps\1.0.5\cucumber-jvm-deps-1.0.5.jar;C:\Users\Gurbax Gill\.m2\repository\info\cukes\cucumber-java\1.2.5\cucumber-java-1.2.5.jar;C:\Users\Gurbax Gill\.m2\repository\info\cukes\cucumber-junit\1.2.5\cucumber-junit-1.2.5.jar;C:\Users\Gurbax Gill\.m2\repository\info\cukes\gherkin\2.12.2\gherkin-2.12.2.jar;C:\Users\Gurbax Gill\.m2\repository\io\qameta\allure\allure-java-commons\2.0-BETA16\allure-java-commons-2.0-BETA16.jar;C:\Users\Gurbax Gill\.m2\repository\io\qameta\allure\allure2-model-api\1.0-BETA6\allure2-model-api-1.0-BETA6.jar;C:\Users\Gurbax Gill\.m2\repository\io\qameta\allure\allure2-model-pojo\1.0-BETA6\allure2-model-pojo-1.0-BETA6.jar;C:\Users\Gurbax Gill\.m2\repository\org\apache\tika\tika-core\1.14\tika-core-1.14.jar;C:\Users\Gurbax Gill\.m2\repository\io\qameta\allure\allure2-model-jackson\1.0-BETA6\allure2-model-jackson-1.0-BETA6.jar;C:\Users\Gurbax Gill\.m2\repository\com\fasterxml\jackson\module\jackson-module-jaxb-annotations\2.7.0\jackson-module-jaxb-annotations-2.7.0.jar;C:\Users\Gurbax Gill\.m2\repository\org\aspectj\aspectjrt\1.8.10\aspectjrt-1.8.10.jar;C:\Users\Gurbax Gill\.m2\repository\org\jooq\joor\0.9.6\joor-0.9.6.jar;C:\Users\Gurbax Gill\.m2\repository\com\vimalselvam\cucumber-extentsreport\3.0.2\cucumber-extentsreport-3.0.2.jar;C:\Users\Gurbax Gill\.m2\repository\commons-io\commons-io\2.15.1\commons-io-2.15.1.jar;C:\Users\Gurbax Gill\.m2\repository\org\json\json\20240205\json-20240205.jar;C:\Users\Gurbax Gill\.m2\repository\com\jayway\jsonpath\json-path\2.9.0\json-path-2.9.0.jar;C:\Users\Gurbax Gill\.m2\repository\net\minidev\json-smart\2.5.0\json-smart-2.5.0.jar;C:\Users\Gurbax Gill\.m2\repository\net\minidev\accessors-smart\2.5.0\accessors-smart-2.5.0.jar;C:\Users\Gurbax Gill\.m2\repository\org\ow2\asm\asm\9.3\asm-9.3.jar;C:\Users\Gurbax Gill\.m2\repository\org\slf4j\slf4j-api\2.0.11\slf4j-api-2.0.11.jar;C:\Users\Gurbax Gill\.m2\repository\com\googlecode\json-simple\json-simple\1.1.1\json-simple-1.1.1.jar;C:\Users\Gurbax Gill\.m2\repository\junit\junit\4.10\junit-4.10.jar;C:\Users\Gurbax Gill\.m2\repository\org\hamcrest\hamcrest-core\1.1\hamcrest-core-1.1.jar;C:\Users\Gurbax Gill\.m2\repository\com\aventstack\extentreports\3.1.2\extentreports-3.1.2.jar;C:\Users\Gurbax Gill\.m2\repository\org\freemarker\freemarker\2.3.23\freemarker-2.3.23.jar;C:\Users\Gurbax Gill\.m2\repository\org\mongodb\mongodb-driver\3.3.0\mongodb-driver-3.3.0.jar;C:\Users\Gurbax Gill\.m2\repository\org\mongodb\bson\3.3.0\bson-3.3.0.jar;C:\Users\Gurbax Gill\.m2\repository\org\mongodb\mongodb-driver-core\3.3.0\mongodb-driver-core-3.3.0.jar;C:\Users\Gurbax Gill\.m2\repository\org\jsoup\jsoup\1.9.2\jsoup-1.9.2.jar;C:\Users\Gurbax Gill\.m2\repository\com\google\code\gson\gson\2.8.0\gson-2.8.0.jar;C:\Users\Gurbax Gill\.m2\repository\org\testng\testng\7.9.0\testng-7.9.0.jar;C:\Users\Gurbax Gill\.m2\repository\com\beust\jcommander\1.82\jcommander-1.82.jar;C:\Users\Gurbax Gill\.m2\repository\org\webjars\jquery\3.7.1\jquery-3.7.1.jar;C:\Users\Gurbax Gill\.m2\repository\org\hamcrest\hamcrest-all\1.3\hamcrest-all-1.3.jar;C:\Users\Gurbax Gill\.m2\repository\io\cucumber\cucumber-java\7.14.0\cucumber-java-7.14.0.jar;C:\Users\Gurbax Gill\.m2\repository\io\cucumber\cucumber-core\7.14.0\cucumber-core-7.14.0.jar;C:\Users\Gurbax Gill\.m2\repository\io\cucumber\cucumber-gherkin\7.14.0\cucumber-gherkin-7.14.0.jar;C:\Users\Gurbax Gill\.m2\repository\io\cucumber\cucumber-gherkin-messages\7.14.0\cucumber-gherkin-messages-7.14.0.jar;C:\Users\Gurbax Gill\.m2\repository\io\cucumber\gherkin\26.2.0\gherkin-26.2.0.jar;C:\Users\Gurbax Gill\.m2\repository\io\cucumber\messages\22.0.0\messages-22.0.0.jar;C:\Users\Gurbax Gill\.m2\repository\io\cucumber\tag-expressions\5.0.6\tag-expressions-5.0.6.jar;C:\Users\Gurbax Gill\.m2\repository\io\cucumber\cucumber-expressions\16.1.2\cucumber-expressions-16.1.2.jar;C:\Users\Gurbax Gill\.m2\repository\io\cucumber\datatable\7.14.0\datatable-7.14.0.jar;C:\Users\Gurbax Gill\.m2\repository\io\cucumber\cucumber-plugin\7.14.0\cucumber-plugin-7.14.0.jar;C:\Users\Gurbax Gill\.m2\repository\io\cucumber\docstring\7.14.0\docstring-7.14.0.jar;C:\Users\Gurbax Gill\.m2\repository\io\cucumber\html-formatter\20.4.0\html-formatter-20.4.0.jar;C:\Users\Gurbax Gill\.m2\repository\io\cucumber\junit-xml-formatter\0.2.0\junit-xml-formatter-0.2.0.jar;C:\Users\Gurbax Gill\.m2\repository\io\cucumber\ci-environment\9.2.0\ci-environment-9.2.0.jar;C:\Users\Gurbax Gill\.m2\repository\org\apiguardian\apiguardian-api\1.1.2\apiguardian-api-1.1.2.jar;C:\Users\Gurbax Gill\.m2\repository\io\cucumber\cucumber-testng\7.14.0\cucumber-testng-7.14.0.jar;C:\Users\Gurbax Gill\.m2\repository\io\cucumber\cucumber-junit\7.14.0\cucumber-junit-7.14.0.jar;"/>
    <property name="java.vm.vendor" value="Eclipse Adoptium"/>
    <property name="sun.arch.data.model" value="64"/>
    <property name="user.variant" value=""/>
    <property name="java.vendor.url" value="https://adoptium.net/"/>
    <property name="user.timezone" value="America/Vancouver"/>
    <property name="os.name" value="Windows 11"/>
    <property name="java.vm.specification.version" value="18"/>
    <property name="sun.java.launcher" value="SUN_STANDARD"/>
    <property name="user.country" value="CA"/>
    <property name="sun.boot.library.path" value="C:\Users\Gurbax Gill\.p2\pool\plugins\org.eclipse.justj.openjdk.hotspot.jre.full.win32.x86_64_18.0.2.v20220903-1139\jre\bin"/>
    <property name="sun.java.command" value="C:\Users\GURBAX~1\AppData\Local\Temp\surefire16393836685554540516\surefirebooter9757450395968761338.jar C:\Users\Gurbax Gill\AppData\Local\Temp\surefire16393836685554540516 2024-02-28T23-01-43_299-jvmRun1 surefire11656837778939103988tmp surefire_011505725795183910976tmp"/>
    <property name="jdk.debug" value="release"/>
    <property name="surefire.test.class.path" value="C:\Users\Gurbax Gill\Documents\NumpyNinja\Api Bootcamp\RestAssured\RestAssuredAPITesting_BDDProject\target\test-classes;C:\Users\Gurbax Gill\Documents\NumpyNinja\Api Bootcamp\RestAssured\RestAssuredAPITesting_BDDProject\target\classes;C:\Users\Gurbax Gill\.m2\repository\io\rest-assured\rest-assured\5.4.0\rest-assured-5.4.0.jar;C:\Users\Gurbax Gill\.m2\repository\org\apache\groovy\groovy\4.0.16\groovy-4.0.16.jar;C:\Users\Gurbax Gill\.m2\repository\org\apache\groovy\groovy-xml\4.0.16\groovy-xml-4.0.16.jar;C:\Users\Gurbax Gill\.m2\repository\org\apache\httpcomponents\httpclient\4.5.13\httpclient-4.5.13.jar;C:\Users\Gurbax Gill\.m2\repository\org\apache\httpcomponents\httpcore\4.4.13\httpcore-4.4.13.jar;C:\Users\Gurbax Gill\.m2\repository\commons-logging\commons-logging\1.2\commons-logging-1.2.jar;C:\Users\Gurbax Gill\.m2\repository\commons-codec\commons-codec\1.11\commons-codec-1.11.jar;C:\Users\Gurbax Gill\.m2\repository\org\apache\httpcomponents\httpmime\4.5.13\httpmime-4.5.13.jar;C:\Users\Gurbax Gill\.m2\repository\org\hamcrest\hamcrest\2.2\hamcrest-2.2.jar;C:\Users\Gurbax Gill\.m2\repository\org\ccil\cowan\tagsoup\tagsoup\1.2.1\tagsoup-1.2.1.jar;C:\Users\Gurbax Gill\.m2\repository\io\rest-assured\json-schema-validator\5.4.0\json-schema-validator-5.4.0.jar;C:\Users\Gurbax Gill\.m2\repository\com\github\java-json-tools\json-schema-validator\2.2.14\json-schema-validator-2.2.14.jar;C:\Users\Gurbax Gill\.m2\repository\com\github\java-json-tools\jackson-coreutils-equivalence\1.0\jackson-coreutils-equivalence-1.0.jar;C:\Users\Gurbax Gill\.m2\repository\com\fasterxml\jackson\core\jackson-databind\2.11.0\jackson-databind-2.11.0.jar;C:\Users\Gurbax Gill\.m2\repository\com\fasterxml\jackson\core\jackson-annotations\2.11.0\jackson-annotations-2.11.0.jar;C:\Users\Gurbax Gill\.m2\repository\com\fasterxml\jackson\core\jackson-core\2.11.0\jackson-core-2.11.0.jar;C:\Users\Gurbax Gill\.m2\repository\com\github\java-json-tools\jackson-coreutils\2.0\jackson-coreutils-2.0.jar;C:\Users\Gurbax Gill\.m2\repository\com\github\java-json-tools\msg-simple\1.2\msg-simple-1.2.jar;C:\Users\Gurbax Gill\.m2\repository\com\github\java-json-tools\btf\1.3\btf-1.3.jar;C:\Users\Gurbax Gill\.m2\repository\com\github\java-json-tools\json-schema-core\1.2.14\json-schema-core-1.2.14.jar;C:\Users\Gurbax Gill\.m2\repository\com\github\java-json-tools\uri-template\0.10\uri-template-0.10.jar;C:\Users\Gurbax Gill\.m2\repository\org\mozilla\rhino\1.7.7.2\rhino-1.7.7.2.jar;C:\Users\Gurbax Gill\.m2\repository\com\sun\mail\mailapi\1.6.2\mailapi-1.6.2.jar;C:\Users\Gurbax Gill\.m2\repository\joda-time\joda-time\2.10.5\joda-time-2.10.5.jar;C:\Users\Gurbax Gill\.m2\repository\com\googlecode\libphonenumber\libphonenumber\8.11.1\libphonenumber-8.11.1.jar;C:\Users\Gurbax Gill\.m2\repository\com\google\code\findbugs\jsr305\3.0.2\jsr305-3.0.2.jar;C:\Users\Gurbax Gill\.m2\repository\net\sf\jopt-simple\jopt-simple\5.0.4\jopt-simple-5.0.4.jar;C:\Users\Gurbax Gill\.m2\repository\com\google\guava\guava\32.0.1-jre\guava-32.0.1-jre.jar;C:\Users\Gurbax Gill\.m2\repository\com\google\guava\failureaccess\1.0.1\failureaccess-1.0.1.jar;C:\Users\Gurbax Gill\.m2\repository\com\google\guava\listenablefuture\9999.0-empty-to-avoid-conflict-with-guava\listenablefuture-9999.0-empty-to-avoid-conflict-with-guava.jar;C:\Users\Gurbax Gill\.m2\repository\org\checkerframework\checker-qual\3.33.0\checker-qual-3.33.0.jar;C:\Users\Gurbax Gill\.m2\repository\com\google\errorprone\error_prone_annotations\2.18.0\error_prone_annotations-2.18.0.jar;C:\Users\Gurbax Gill\.m2\repository\com\google\j2objc\j2objc-annotations\2.8\j2objc-annotations-2.8.jar;C:\Users\Gurbax Gill\.m2\repository\io\rest-assured\json-path\5.4.0\json-path-5.4.0.jar;C:\Users\Gurbax Gill\.m2\repository\org\apache\groovy\groovy-json\4.0.16\groovy-json-4.0.16.jar;C:\Users\Gurbax Gill\.m2\repository\io\rest-assured\rest-assured-common\5.4.0\rest-assured-common-5.4.0.jar;C:\Users\Gurbax Gill\.m2\repository\io\rest-assured\xml-path\5.4.0\xml-path-5.4.0.jar;C:\Users\Gurbax Gill\.m2\repository\org\apache\commons\commons-lang3\3.11\commons-lang3-3.11.jar;C:\Users\Gurbax Gill\.m2\repository\io\qameta\allure\allure-cucumber-jvm\2.0-BETA16\allure-cucumber-jvm-2.0-BETA16.jar;C:\Users\Gurbax Gill\.m2\repository\info\cukes\cucumber-core\1.2.5\cucumber-core-1.2.5.jar;C:\Users\Gurbax Gill\.m2\repository\info\cukes\cucumber-html\0.2.3\cucumber-html-0.2.3.jar;C:\Users\Gurbax Gill\.m2\repository\info\cukes\cucumber-jvm-deps\1.0.5\cucumber-jvm-deps-1.0.5.jar;C:\Users\Gurbax Gill\.m2\repository\info\cukes\cucumber-java\1.2.5\cucumber-java-1.2.5.jar;C:\Users\Gurbax Gill\.m2\repository\info\cukes\cucumber-junit\1.2.5\cucumber-junit-1.2.5.jar;C:\Users\Gurbax Gill\.m2\repository\info\cukes\gherkin\2.12.2\gherkin-2.12.2.jar;C:\Users\Gurbax Gill\.m2\repository\io\qameta\allure\allure-java-commons\2.0-BETA16\allure-java-commons-2.0-BETA16.jar;C:\Users\Gurbax Gill\.m2\repository\io\qameta\allure\allure2-model-api\1.0-BETA6\allure2-model-api-1.0-BETA6.jar;C:\Users\Gurbax Gill\.m2\repository\io\qameta\allure\allure2-model-pojo\1.0-BETA6\allure2-model-pojo-1.0-BETA6.jar;C:\Users\Gurbax Gill\.m2\repository\org\apache\tika\tika-core\1.14\tika-core-1.14.jar;C:\Users\Gurbax Gill\.m2\repository\io\qameta\allure\allure2-model-jackson\1.0-BETA6\allure2-model-jackson-1.0-BETA6.jar;C:\Users\Gurbax Gill\.m2\repository\com\fasterxml\jackson\module\jackson-module-jaxb-annotations\2.7.0\jackson-module-jaxb-annotations-2.7.0.jar;C:\Users\Gurbax Gill\.m2\repository\org\aspectj\aspectjrt\1.8.10\aspectjrt-1.8.10.jar;C:\Users\Gurbax Gill\.m2\repository\org\jooq\joor\0.9.6\joor-0.9.6.jar;C:\Users\Gurbax Gill\.m2\repository\com\vimalselvam\cucumber-extentsreport\3.0.2\cucumber-extentsreport-3.0.2.jar;C:\Users\Gurbax Gill\.m2\repository\commons-io\commons-io\2.15.1\commons-io-2.15.1.jar;C:\Users\Gurbax Gill\.m2\repository\org\json\json\20240205\json-20240205.jar;C:\Users\Gurbax Gill\.m2\repository\com\jayway\jsonpath\json-path\2.9.0\json-path-2.9.0.jar;C:\Users\Gurbax Gill\.m2\repository\net\minidev\json-smart\2.5.0\json-smart-2.5.0.jar;C:\Users\Gurbax Gill\.m2\repository\net\minidev\accessors-smart\2.5.0\accessors-smart-2.5.0.jar;C:\Users\Gurbax Gill\.m2\repository\org\ow2\asm\asm\9.3\asm-9.3.jar;C:\Users\Gurbax Gill\.m2\repository\org\slf4j\slf4j-api\2.0.11\slf4j-api-2.0.11.jar;C:\Users\Gurbax Gill\.m2\repository\com\googlecode\json-simple\json-simple\1.1.1\json-simple-1.1.1.jar;C:\Users\Gurbax Gill\.m2\repository\junit\junit\4.10\junit-4.10.jar;C:\Users\Gurbax Gill\.m2\repository\org\hamcrest\hamcrest-core\1.1\hamcrest-core-1.1.jar;C:\Users\Gurbax Gill\.m2\repository\com\aventstack\extentreports\3.1.2\extentreports-3.1.2.jar;C:\Users\Gurbax Gill\.m2\repository\org\freemarker\freemarker\2.3.23\freemarker-2.3.23.jar;C:\Users\Gurbax Gill\.m2\repository\org\mongodb\mongodb-driver\3.3.0\mongodb-driver-3.3.0.jar;C:\Users\Gurbax Gill\.m2\repository\org\mongodb\bson\3.3.0\bson-3.3.0.jar;C:\Users\Gurbax Gill\.m2\repository\org\mongodb\mongodb-driver-core\3.3.0\mongodb-driver-core-3.3.0.jar;C:\Users\Gurbax Gill\.m2\repository\org\jsoup\jsoup\1.9.2\jsoup-1.9.2.jar;C:\Users\Gurbax Gill\.m2\repository\com\google\code\gson\gson\2.8.0\gson-2.8.0.jar;C:\Users\Gurbax Gill\.m2\repository\org\testng\testng\7.9.0\testng-7.9.0.jar;C:\Users\Gurbax Gill\.m2\repository\com\beust\jcommander\1.82\jcommander-1.82.jar;C:\Users\Gurbax Gill\.m2\repository\org\webjars\jquery\3.7.1\jquery-3.7.1.jar;C:\Users\Gurbax Gill\.m2\repository\org\hamcrest\hamcrest-all\1.3\hamcrest-all-1.3.jar;C:\Users\Gurbax Gill\.m2\repository\io\cucumber\cucumber-java\7.14.0\cucumber-java-7.14.0.jar;C:\Users\Gurbax Gill\.m2\repository\io\cucumber\cucumber-core\7.14.0\cucumber-core-7.14.0.jar;C:\Users\Gurbax Gill\.m2\repository\io\cucumber\cucumber-gherkin\7.14.0\cucumber-gherkin-7.14.0.jar;C:\Users\Gurbax Gill\.m2\repository\io\cucumber\cucumber-gherkin-messages\7.14.0\cucumber-gherkin-messages-7.14.0.jar;C:\Users\Gurbax Gill\.m2\repository\io\cucumber\gherkin\26.2.0\gherkin-26.2.0.jar;C:\Users\Gurbax Gill\.m2\repository\io\cucumber\messages\22.0.0\messages-22.0.0.jar;C:\Users\Gurbax Gill\.m2\repository\io\cucumber\tag-expressions\5.0.6\tag-expressions-5.0.6.jar;C:\Users\Gurbax Gill\.m2\repository\io\cucumber\cucumber-expressions\16.1.2\cucumber-expressions-16.1.2.jar;C:\Users\Gurbax Gill\.m2\repository\io\cucumber\datatable\7.14.0\datatable-7.14.0.jar;C:\Users\Gurbax Gill\.m2\repository\io\cucumber\cucumber-plugin\7.14.0\cucumber-plugin-7.14.0.jar;C:\Users\Gurbax Gill\.m2\repository\io\cucumber\docstring\7.14.0\docstring-7.14.0.jar;C:\Users\Gurbax Gill\.m2\repository\io\cucumber\html-formatter\20.4.0\html-formatter-20.4.0.jar;C:\Users\Gurbax Gill\.m2\repository\io\cucumber\junit-xml-formatter\0.2.0\junit-xml-formatter-0.2.0.jar;C:\Users\Gurbax Gill\.m2\repository\io\cucumber\ci-environment\9.2.0\ci-environment-9.2.0.jar;C:\Users\Gurbax Gill\.m2\repository\org\apiguardian\apiguardian-api\1.1.2\apiguardian-api-1.1.2.jar;C:\Users\Gurbax Gill\.m2\repository\io\cucumber\cucumber-testng\7.14.0\cucumber-testng-7.14.0.jar;C:\Users\Gurbax Gill\.m2\repository\io\cucumber\cucumber-junit\7.14.0\cucumber-junit-7.14.0.jar;"/>
    <property name="sun.cpu.endian" value="little"/>
    <property name="user.home" value="C:\Users\Gurbax Gill"/>
    <property name="user.language" value="en"/>
    <property name="java.specification.vendor" value="Oracle Corporation"/>
    <property name="java.version.date" value="2022-08-18"/>
    <property name="java.home" value="C:\Users\Gurbax Gill\.p2\pool\plugins\org.eclipse.justj.openjdk.hotspot.jre.full.win32.x86_64_18.0.2.v20220903-1139\jre"/>
    <property name="file.separator" value="\"/>
    <property name="basedir" value="C:\Users\Gurbax Gill\Documents\NumpyNinja\Api Bootcamp\RestAssured\RestAssuredAPITesting_BDDProject"/>
    <property name="style.color" value="always"/>
    <property name="java.vm.compressedOopsMode" value="Zero based"/>
    <property name="line.separator" value="&#10;"/>
    <property name="java.vm.specification.vendor" value="Oracle Corporation"/>
    <property name="java.specification.name" value="Java Platform API Specification"/>
    <property name="surefire.real.class.path" value="C:\Users\GURBAX~1\AppData\Local\Temp\surefire16393836685554540516\surefirebooter9757450395968761338.jar"/>
    <property name="user.script" value=""/>
    <property name="sun.management.compiler" value="HotSpot 64-Bit Tiered Compilers"/>
    <property name="java.runtime.version" value="18.0.2.1+1"/>
    <property name="user.name" value="Gurbax Gill"/>
    <property name="path.separator" value=";"/>
    <property name="os.version" value="10.0"/>
    <property name="java.runtime.name" value="OpenJDK Runtime Environment"/>
    <property name="file.encoding" value="UTF-8"/>
    <property name="java.vm.name" value="OpenJDK 64-Bit Server VM"/>
    <property name="java.vendor.version" value="Temurin-18.0.2.1+1"/>
    <property name="localRepository" value="C:\Users\Gurbax Gill\.m2\repository"/>
    <property name="java.vendor.url.bug" value="https://github.com/adoptium/adoptium-support/issues"/>
    <property name="java.io.tmpdir" value="C:\Users\GURBAX~1\AppData\Local\Temp\"/>
    <property name="java.version" value="18.0.2.1"/>
    <property name="user.dir" value="C:\Users\Gurbax Gill\Documents\NumpyNinja\Api Bootcamp\RestAssured\RestAssuredAPITesting_BDDProject"/>
    <property name="os.arch" value="amd64"/>
    <property name="java.vm.specification.name" value="Java Virtual Machine Specification"/>
    <property name="sun.os.patch.level" value=""/>
    <property name="native.encoding" value="Cp1252"/>
    <property name="java.library.path" value="C:\Users\Gurbax Gill\.p2\pool\plugins\org.eclipse.justj.openjdk.hotspot.jre.full.win32.x86_64_18.0.2.v20220903-1139\jre\bin;C:\WINDOWS\Sun\Java\bin;C:\WINDOWS\system32;C:\WINDOWS;C:/Users/Gurbax Gill/.p2/pool/plugins/org.eclipse.justj.openjdk.hotspot.jre.full.win32.x86_64_18.0.2.v20220903-1139/jre/bin/server;C:/Users/Gurbax Gill/.p2/pool/plugins/org.eclipse.justj.openjdk.hotspot.jre.full.win32.x86_64_18.0.2.v20220903-1139/jre/bin;C:\Program Files\Common Files\Oracle\Java\javapath;C:\Program Files (x86)\Common Files\Oracle\Java\javapath;C:\WINDOWS\system32;C:\WINDOWS;C:\WINDOWS\System32\Wbem;C:\WINDOWS\System32\WindowsPowerShell\v1.0\;C:\WINDOWS\System32\OpenSSH\;C:\Program Files (x86)\Common Files\Acronis\SnapAPI\;C:\Program Files (x86)\Common Files\Acronis\VirtualFile\;C:\Program Files (x86)\Common Files\Acronis\VirtualFile64\;C:\Program Files (x86)\Common Files\Acronis\FileProtector\;C:\Program Files (x86)\Common Files\Acronis\FileProtector64\;C:\Program Files\Java\jdk1.8.0_333\bin;C:\Software\apache-maven-3.8.6-bin\apache-maven-3.8.6\bin;C:\Program Files\Git\cmd;C:\Program Files\Git\usr\bin;C:\Users\Gurbax Gill\allure\allure-commandline-2.24.0\allure-2.24.0\bin;C:\Program Files\PostgreSQL\16\bin;C:\Program Files\nodejs\;C:\Users\Gurbax Gill\AppData\Local\Microsoft\WindowsApps;C:\Users\Gurbax Gill\AppData\Roaming\npm;C:\WINDOWS\system32;;."/>
    <property name="java.vm.info" value="mixed mode"/>
    <property name="java.vendor" value="Eclipse Adoptium"/>
    <property name="java.vm.version" value="18.0.2.1+1"/>
    <property name="sun.io.unicode.encoding" value="UnicodeLittle"/>
    <property name="java.class.version" value="62.0"/>
  </properties>
  <testcase name="runScenario" classname="runner.TestRunner" time="2.729"/>
  <testcase name="runScenario" classname="runner.TestRunner" time="1.536"/>
  <testcase name="runScenario" classname="runner.TestRunner" time="0.727"/>
</testsuite>