<?xml version="1.0" encoding="UTF-8"?>
<!-- Generated by org.testng.reporters.JUnitReportReporter -->
<testsuite hostname="DESKTOP-GCBBFCP" failures="0" tests="3" name="runner.TestRunner" time="4.638" errors="0" timestamp="2024-02-28T23:12:07 PST" skipped="0">
  <testcase classname="runner.TestRunner" name="runScenario" time="0.812"/>
  <testcase classname="runner.TestRunner" name="runScenario" time="1.054"/>
  <testcase classname="runner.TestRunner" name="runScenario" time="2.772"/>
</testsuite> <!-- runner.TestRunner -->
